/about-us.html 1
/favicon.ico 3
/favicon.ico 1
/portfolios 2
/faq 2
/about-us.html 1
/faq 1
/favicon.ico 1
/portfolio 1
/faq 3
/portfolio 5
/history.html 1
/favicon.ico 1
/faq 1
/about-us.html 1
/portfolio 8
/favicon.ico 1
/about-us.html 1
/favicon.ico 1
/portfolio 4
/faq 1
/favicon.ico 1
/location 1
/portfolio 7
/faq 1
/videos 8
/favicon.ico 1
/about-us 1
/about-us 1
/videos 6
/portfolio 9
/location 1
/about-us 1
/favicon.ico 1
/faq 4
/location 1
/portfolio 6
/favicon.ico 1
/about-us.html 1
/videos 10
