/about-us.html HTTP/1.1" 1
/favicon.ico HTTP/1.1" 3
/favicon.ico HTTP/1.1" 1
/portfolios HTTP/1.1" 2
/faq HTTP/1.1" 2
/about-us.html HTTP/1.1" 1
/faq HTTP/1.1" 1
/favicon.ico HTTP/1.1" 1
/portfolio HTTP/1.1" 1
/faq HTTP/1.1" 3
/portfolio HTTP/1.1" 5
/history.html HTTP/1.1" 1
/favicon.ico HTTP/1.1" 1
/faq HTTP/1.1" 1
/about-us.html HTTP/1.1" 1
/portfolio HTTP/1.1" 8
/favicon.ico HTTP/1.1" 1
/about-us.html HTTP/1.1" 1
/favicon.ico HTTP/1.1" 1
/portfolio HTTP/1.1" 4
/faq HTTP/1.1" 1
/favicon.ico HTTP/1.1" 1
/location HTTP/1.1" 1
/portfolio HTTP/1.1" 7
/faq HTTP/1.1" 1
/videos HTTP/1.1" 8
/favicon.ico HTTP/1.1" 1
/about-us HTTP/1.1" 1
/about-us HTTP/1.1" 1
/videos HTTP/1.1" 6
/portfolio HTTP/1.1" 9
/location HTTP/1.1" 1
/about-us HTTP/1.1" 1
/favicon.ico HTTP/1.1" 1
/faq HTTP/1.1" 4
/location HTTP/1.1" 1
/portfolio HTTP/1.1" 6
/favicon.ico HTTP/1.1" 1
/about-us.html HTTP/1.1" 1
/videos HTTP/1.1" 10
